         w __deregister_frame_info
         w __register_frame_info
         w __syscall_lock_close_recursive
         w userAppExit
         w userAppInit
00000000 00000802 B __ctru_dev_utf16_buf
00000000 b _TLS_MODULE_BASE_
00000000 a shift
00000000 a shift
00000804 00000401 B __ctru_dev_path_buf
00100000 A __start__
00100000 T _start
00100008 T __service_ptr
0010000c T __apt_appid
00100010 T __heap_size
00100014 T __linear_heap_size
00100018 T __system_arglist
0010001c T __system_runflags
00100020 t startup
00100058 t ClearMem
0010006c t ClrLoop
00100094 T _init
001000ac t .udivsi3_skip_div0_test
001000ac T __aeabi_uidiv
001000ac 000001ec T __udivsi3
00100298 00000020 T __aeabi_uidivmod
001002b8 T __aeabi_idiv
001002b8 00000220 T __divsi3
001002c0 t .divsi3_skip_div0_test
001004d8 00000020 T __aeabi_idivmod
001004f8 00000004 W __aeabi_idiv0
001004f8 00000004 W __aeabi_ldiv0
001004fc T __aeabi_uldivmod
00100548 00000390 T strcmp
001008d0 T __aeabi_drsub
001008d8 000002b0 T __aeabi_dsub
001008d8 000002b0 T __subdf3
001008dc 000002ac T __adddf3
001008dc 000002ac T __aeabi_dadd
00100b88 00000024 T __aeabi_ui2d
00100b88 00000024 T __floatunsidf
00100bac 00000028 T __aeabi_i2d
00100bac 00000028 T __floatsidf
00100bd4 00000048 T __aeabi_f2d
00100bd4 00000048 T __extendsfdf2
00100c1c 00000074 T __aeabi_ul2d
00100c1c 00000074 T __floatundidf
00100c30 00000060 T __aeabi_l2d
00100c30 00000060 T __floatdidf
00100c90 t __do_global_dtors_aux
00100cd0 t frame_dummy
00100cfc 00000170 W __system_initArgv
00100e6c W initSystem
00100ebc W __ctru_exit
00100ed4 00000030 W __appInit
00100f04 00000030 W __appExit
00100f34 00000038 W __libctru_init
00100f6c 00000090 W __libctru_exit
00100ffc T svcControlMemory
0010101c T svcQueryMemory
0010104c T svcExitProcess
00101054 T svcCreateThread
00101074 T svcExitThread
0010107c T svcSleepThread
00101084 T svcGetThreadPriority
00101098 T svcReleaseMutex
001010a0 T svcCreateEvent
001010b4 T svcSignalEvent
001010bc T svcClearEvent
001010c4 T svcMapMemoryBlock
001010cc T svcUnmapMemoryBlock
001010d4 T svcCreateAddressArbiter
001010e8 T svcArbitrateAddressNoTimeout
001010f0 T svcCloseHandle
001010f8 T svcWaitSynchronization
00101100 T svcWaitSynchronizationN
00101128 T svcDuplicateHandle
0010113c T svcGetSystemTick
00101144 T svcConnectToPort
00101158 T svcSendSyncRequest
00101160 T svcGetThreadId
00101174 T svcGetResourceLimit
00101188 T svcGetResourceLimitLimitValues
00101190 T svcGetResourceLimitCurrentValues
00101198 T svcBreak
001011a0 0000000c T __sync_init
001011ac 00000018 T __sync_fini
001011c4 0000002c T syncArbitrateAddress
001011f0 0000001c T LightLock_Init
0010120c 000000b0 T LightLock_Lock
001012bc 00000040 T LightLock_Unlock
001012fc 00000024 T RecursiveLock_Init
00101320 00000030 T RecursiveLock_Lock
00101350 00000054 T RecursiveLock_Unlock
001013a4 0000000c T CondVar_Init
001013b0 00000084 T CondVar_Wait
00101434 000000ac T CondVar_WakeUp
001014e0 00000040 T LightEvent_Init
00101520 000000a4 T LightEvent_Clear
001015c4 000000c8 T LightEvent_Signal
0010168c 00000050 T LightEvent_TryWait
001016dc 000000b0 T LightEvent_Wait
0010178c 00000014 T LightSemaphore_Init
001017a0 00000094 T LightSemaphore_Acquire
00101834 00000064 T LightSemaphore_Release
00101898 00000084 W envGetHandle
0010191c 00000050 W envDestroyHandles
0010196c 00000130 T srvInit
00101a9c 00000058 T srvExit
00101af4 000000a0 T srvGetServiceHandleDirect
00101b94 00000038 T srvGetServiceHandle
00101bcc 00000038 T srvPublishToSubscriber
00101c04 00000014 t archive_link
00101c18 00000014 t archive_dirreset
00101c2c 00000014 t archive_chmod
00101c40 00000024 t error_cmp
00101c64 00000050 t archive_translate_error
00101cb4 000000c8 t archive_seek
00101d7c 0000007c t _archiveInit.part.0
00101df8 000000c4 t archiveFindDevice.part.0
00101ebc 0000025c t archive_utf16path
00102118 000000a0 t _archiveUnmountDeviceStruct.part.0
001021b8 00000014 t archive_fchmod
001021cc 00000014 t archive_statvfs
001021e0 00000164 t _archiveMountDevice
00102344 000000e8 t archive_diropen
0010242c 000000a4 t archive_fstat
001024d0 0000006c t archive_close
0010253c 0000006c t archive_fsync
001025a8 00000070 t archive_dirclose
00102618 000000e8 t sdmc_statvfs
00102700 000000ec t archive_chdir
001027ec 0000007c t archive_ftruncate
00102868 000000ac t archive_read
00102914 000000a4 t archive_unlink
001029b8 000000bc t archive_rmdir
00102a74 000000dc t archive_mkdir
00102b50 0000019c t archive_stat
00102cec 0000015c t archive_dirnext
00102e48 000000ec t archive_write
00102f34 000001d4 t archive_open
00103108 00000278 t archive_rename
00103380 0000019c T archiveMountSdmc
0010351c 00000054 T archiveUnmountAll
00103570 000001a4 t aptConvertScreenForCapture
00103714 00000158 T aptSendCommand
00103870 00000044 t aptExitProcess
001038b4 00000014 T aptIsActive
001038c8 000002f4 T aptExit
00103bbc 000000e0 T aptHandleSleep
00103c9c 00000030 T aptHook
00103ccc 00000030 T aptUnhook
00103cfc 00000084 T APT_SleepIfShellClosed
00103d80 00000084 T aptSetSleepAllowed
00103e04 00000084 T APT_UnlockTransition
00103e88 000004a4 t aptEventHandler
0010432c 000000b0 T APT_ReceiveParameter
001043dc 000000b0 t aptReceiveParameter.constprop.0
00104490 000002ac t aptScreenTransfer
0010473c 00000344 t aptWaitForWakeUp.isra.0
00104a80 00000100 T aptJumpToHomeMenu
00104b80 00000048 T aptMainLoop
00104bc8 0000022c T aptInit
00104df4 0000007c T APT_CheckNew3DS
00104e70 00000024 W hidShouldUseIrrst
00104e94 0000018c T hidInit
00105020 000000e8 T hidExit
00105108 000002a4 T hidScanInput
001053ac 00000010 T hidKeysHeld
001053bc 00000010 T hidKeysDown
001053cc 00000010 T hidKeysUp
001053dc 00000018 T hidTouchRead
001053f4 00000018 T hidCircleRead
0010540c 0000000c T srvPmGetSessionHandle
00105418 000000cc T fsInit
001054e4 0000003c T fsExit
00105520 00000060 T fsExemptFromSession
00105580 00000050 T fsUnexemptFromSession
001055d0 000000cc T FSUSER_OpenFile
0010569c 000000d4 T FSUSER_OpenFileDirectly
00105770 000000bc T FSUSER_DeleteFile
0010582c 000000f8 T FSUSER_RenameFile
00105924 000000bc T FSUSER_DeleteDirectory
001059e0 000000d4 T FSUSER_CreateFile
00105ab4 000000c4 T FSUSER_CreateDirectory
00105b78 000000f8 T FSUSER_RenameDirectory
00105c70 000000b4 T FSUSER_OpenDirectory
00105d24 00000098 T FSUSER_OpenArchive
00105dbc 0000008c T FSUSER_CloseArchive
00105e48 00000074 T FSUSER_GetSdmcArchiveResource
00105ebc 00000064 T FSUSER_IsSdmcWritable
00105f20 00000058 T FSFILE_Read
00105f78 00000060 T FSFILE_Write
00105fd8 0000003c T FSFILE_GetSize
00106014 00000028 T FSFILE_SetSize
0010603c 0000003c T FSFILE_Close
00106078 00000024 T FSFILE_Flush
0010609c 00000050 T FSDIR_Read
001060ec 0000003c T FSDIR_Close
00106128 000000e8 T utf16_to_utf8
00106210 00000064 T decode_utf16
00106274 0000013c T decode_utf8
001063b0 000000c0 T utf8_to_utf16
00106470 00000030 T __syscall_getreent
001064a0 00000004 T __syscall_lock_acquire
001064a4 00000004 T __syscall_lock_release
001064a8 00000004 T __syscall_lock_init_recursive
001064ac 00000004 T __syscall_lock_acquire_recursive
001064b0 00000004 T __syscall_lock_release_recursive
001064b4 00000004 T __syscall_exit
001064b8 00000050 T initThreadVars
00106508 00000068 T __system_initSyscalls
00106570 000001e0 W __system_allocateHeaps
00106750 T __aeabi_read_tp
0010675c 00000074 T osConvertVirtToPhys
001067d0 00000034 T __ctru_speedup_config
00106804 00000178 T threadCreate
0010697c 00000024 T threadGetHandle
001069a0 0000002c T threadFree
001069cc 00000024 T threadJoin
001069f0 00000030 T threadGetCurrent
00106a20 00000040 T threadExit
00106a60 00000020 t _thread_begin
00106a80 000000b4 t mappableFindAddressWithin
00106b34 00000028 T mappableInit
00106b5c 00000080 T mappableAlloc
00106bdc 00000004 T mappableFree
00106be0 00000164 T irrstInit
00106d44 000000cc T irrstExit
00106e10 000000b4 T irrstScanInput
00106ec4 00000024 T irrstKeysHeld
00106ee8 00000018 T irrstCstickRead
00106f00 00000c58 t gspHardwareInit
00107b58 00000248 T gspInit
00107da0 000000f0 T gspExit
00107e90 00000010 T gspHasGpuRight
00107ea0 000000a0 T gspPresentBuffer
00107f40 00000030 T gspSetEventCallback
00107f70 00000044 T gspWaitForEvent
00107fb4 0000004c T gspWaitForAnyEvent
00108000 00000158 t gspEventThreadMain
00108158 00000130 T gspSubmitGxCommand
00108288 00000050 T GSPGPU_FlushDataCache
001082d8 00000034 T GSPGPU_SetLcdForceBlack
0010830c 00000068 T GSPGPU_AcquireRight
00108374 00000048 T GSPGPU_ReleaseRight
001083bc 0000007c T GSPGPU_ImportDisplayCaptureInfo
00108438 0000002c T GSPGPU_SaveVramSysArea
00108464 0000002c T GSPGPU_RestoreVramSysArea
00108490 00000074 T ptmSysmInit
00108504 0000003c T ptmSysmExit
00108540 00000034 T PTMSYSM_ConfigureNew3DSCPU
00108574 00000054 T encode_utf16
001085c8 000000e0 T encode_utf8
001086a8 000000c4 T main
0010876c 00000158 T SDL_InitSubSystem
001088c4 00000040 T SDL_Init
00108904 0000009c T SDL_QuitSubSystem
001089a0 00000018 T SDL_Quit
001089b8 000001b8 T SDL_SetError
00108b70 00000014 T SDL_ClearError
00108b84 00000058 T SDL_Error
00108bdc 00000020 t SDL_Parachute
00108bfc 0000004c T SDL_InstallParachute
00108c48 00000050 T SDL_UninstallParachute
00108c98 00000030 t SDL_LockAudio_Default
00108cc8 00000030 t SDL_UnlockAudio_Default
00108cf8 000000ac T SDL_AudioQuit
00108da4 00000104 T SDL_AudioInit
00108ea8 000000a8 T SDL_FirstAudioFormat
00108f50 00000054 T SDL_NextAudioFormat
00108fa4 00000038 T SDL_CalculateAudioSpec
00108fdc 000000ec t SDL_GobbleEvents
001090c8 00000064 T SDL_Lock_EventThread
0010912c 00000044 T SDL_Unlock_EventThread
00109170 00000078 T SDL_StopEventLoop
001091e8 00000120 T SDL_StartEventLoop
00109308 00000210 T SDL_PeepEvents
00109518 00000068 T SDL_PumpEvents
00109580 00000038 T SDL_PollEvent
001095b8 00000028 T SDL_PushEvent
001095e0 00000b98 T SDL_KeyboardInit
0010a178 00000004 T SDL_KeyboardQuit
0010a17c 0000035c T SDL_PrivateKeyboard
0010a4d8 00000080 T SDL_ResetKeyboard
0010a558 0000008c T SDL_CheckKeyRepeat
0010a5e4 00000078 t ClipOffset
0010a65c 00000060 T SDL_MouseInit
0010a6bc 00000004 T SDL_MouseQuit
0010a6c0 00000038 T SDL_GetMouseState
0010a6f8 00000044 T SDL_GetRelativeMouseState
0010a73c 0000001c T SDL_SetMouseRange
0010a758 000001c4 T SDL_PrivateMouseMotion
0010a91c 00000210 T SDL_PrivateMouseButton
0010ab2c 00000054 T SDL_ResetMouse
0010ab80 00000070 t SDL_HandleSIG
0010abf0 00000048 T SDL_QuitInit
0010ac38 00000050 T SDL_QuitQuit
0010ac88 000000b8 t SDL_DelThread.part.0
0010ad40 0000009c T SDL_GetErrBuf
0010addc 0000003c T SDL_RunThread
0010ae18 00000184 T SDL_CreateThread
0010af9c 0000004c T SDL_WaitThread
0010afe8 00000004 t callback_wrapper
0010afec 0000008c t SDL_AddTimerInternal
0010b078 00000044 T SDL_SetTimerThreaded
0010b0bc 0000013c T SDL_ThreadedTimerCheck
0010b1f8 00000154 T SDL_SetTimer
0010b34c 00000068 T SDL_TimerQuit
0010b3b4 00000098 T SDL_TimerInit
0010b44c 000000d0 T SDL_MouseRect
0010b51c 00000710 T SDL_DrawCursorNoLock
0010bc2c 000000c0 T SDL_DrawCursor
0010bcec 00000188 T SDL_EraseCursorNoLock
0010be74 000000c0 T SDL_EraseCursor
0010bf34 000001d0 T SDL_SetCursor
0010c104 000000a0 T SDL_FreeCursor
0010c1a4 00000098 T SDL_CursorQuit
0010c23c 000001b0 T SDL_CreateCursor
0010c3ec 00000090 T SDL_CursorInit
0010c47c 000000b8 T SDL_MoveCursor
0010c534 00000034 T SDL_ResetCursor
0010c568 0000005c t SDL_DitherColors.part.0
0010c5c4 00000054 T SDL_FormatChanged
0010c618 00000040 T SDL_FreeFormat
0010c658 000004c4 T SDL_AllocFormat
0010cb1c 00000100 T SDL_ReallocFormat
0010cc1c 0000000c T SDL_DitherColors
0010cc28 00000054 T SDL_CalculatePitch
0010cc7c 0000007c T SDL_FindColor
0010ccf8 000000a4 t Map1to1
0010cd9c 00000058 t MapNto1.constprop.0.isra.0
0010cdf4 00000064 T SDL_MapRGB
0010ce58 0000005c T SDL_AllocBlitMap
0010ceb4 00000034 T SDL_InvalidateMap
0010cee8 00000320 T SDL_MapSurface
0010d208 00000038 T SDL_FreeBlitMap
0010d240 000000a4 T SDL_SetClipRect
0010d2e4 00000120 T SDL_LowerBlit
0010d404 00000094 T SDL_LockSurface
0010d498 00000064 T SDL_UnlockSurface
0010d4fc 00000484 T SDL_FillRect
0010d980 00000150 T SDL_FreeSurface
0010dad0 00000294 T SDL_CreateRGBSurface
0010dd64 00000090 t SDL_WM_GrabInputRaw
0010ddf4 0000015c T SDL_VideoModeOK
0010df50 00000264 T SDL_UpdateRects
0010e1b4 00000174 T SDL_Flip
0010e328 00000118 T SDL_VideoQuit
0010e440 0000021c T SDL_VideoInit
0010e65c 00000068 T SDL_WM_GrabInput
0010e6c4 0000080c T SDL_SetVideoMode
0010eed0 000000c0 t SDL_JoystickClose.part.0
0010ef90 00000068 T SDL_JoystickInit
0010eff8 000000a0 T SDL_JoystickQuit
0010f098 0000009c T SDL_PrivateJoystickAxis
0010f134 0000008c T SDL_PrivateJoystickHat
0010f1c0 000000ac T SDL_PrivateJoystickButton
0010f26c 0000003c T SDL_JoystickUpdate
0010f2a8 00000018 T SDL_StartTicks
0010f2c0 00000068 T SDL_GetTicks
0010f328 00000010 T SDL_Delay
0010f338 00000008 T SDL_SYS_TimerInit
0010f340 00000004 T SDL_SYS_TimerQuit
0010f344 00000018 T SDL_SYS_StartTimer
0010f35c 00000004 T SDL_SYS_StopTimer
0010f360 00000008 t N3DSAUD_Available
0010f368 0000000c t N3DSAUD_GetAudioBuf
0010f374 00000138 t N3DSAUD_CreateDevice
0010f4ac 0000005c t N3DSAUD_DeleteDevice
0010f508 0000000c t N3DSAUD_UnlockAudio
0010f514 0000000c t N3DSAUD_LockAudio
0010f520 000000c4 t N3DSAUD_CloseAudio
0010f5e4 00000074 t audioFrameFinished
0010f658 000000a8 t N3DSAUD_PlayAudio
0010f700 00000078 t N3DSAUD_WaitAudio
0010f778 00000268 t N3DSAUD_OpenAudio
0010f9e0 0000005c t N3DSAUD_DspHook
0010fa3c 00000014 T SDL_SYS_JoystickInit
0010fa50 00000498 T SDL_SYS_JoystickUpdate
0010fee8 00000004 T SDL_SYS_JoystickClose
0010feec 00000004 T SDL_SYS_JoystickQuit
0010fef0 00000028 T SDL_CreateMutex
0010ff18 0000000c T SDL_DestroyMutex
0010ff24 0000002c T SDL_mutexP
0010ff50 0000002c T SDL_mutexV
0010ff7c 00000034 T SDL_CreateSemaphore
0010ffb0 0000000c T SDL_DestroySemaphore
0010ffbc 00000030 T SDL_SemWait
0010ffec 00000014 T SDL_SemPost
00110000 00000004 T ThreadEntry
00110004 000000b0 T SDL_SYS_CreateThread
001100b4 00000004 T SDL_SYS_SetupThread
001100b8 00000038 T SDL_ThreadID
001100f0 00000010 T SDL_SYS_WaitThread
00110100 00000008 t N3DS_Available
00110108 00000008 t N3DS_ListModes
00110110 00000008 t N3DS_AllocHWSurface
00110118 00000008 t N3DS_LockHWSurface
00110120 00000004 t N3DS_UnlockHWSurface
00110124 00000060 t N3DS_SetColors
00110184 00000110 t N3DS_CreateDevice
00110294 00000024 t N3DS_DeleteDevice
001102b8 00000048 t N3DS_VideoInit
00110300 00000168 t N3DS_FlipHWSurface.part.0
00110300 00000168 t N3DS_UpdateRects.part.0
00110468 00000024 t N3DS_FlipHWSurface
0011048c 00000020 t N3DS_UpdateRects
001104ac 00000004 t N3DS_FreeHWSurface
001104b0 000000ec t N3DS_VideoQuit
0011059c 000000ac T N3DS_SetScaling
00110648 00000878 t N3DS_SetVideoMode
00110ec0 0000003c T N3DS_ToggleFullScreen
00110efc 00000114 T drawTexture
00111010 000002dc t videoThread
001112ec 00000018 T SDL_AppActiveInit
00111304 00000004 T SDL_AppActiveQuit
00111308 000000ec T SDL_PrivateResize
001113f4 0000002c T SDL_revcpy
00111420 00000044 T SDL_memcmp
00111464 00000100 t copy_opaque_16
00111564 00000120 t uncopy_opaque_16
00111684 000000fc t copy_transl_565
00111780 000000fc t copy_transl_555
0011187c 00000124 t uncopy_transl_16
001119a0 000000dc t copy_32
00111a7c 00000110 t uncopy_32
00111b8c 00000008 t getpix_8
00111b94 00000008 t getpix_16
00111b9c 00000018 t getpix_24
00111bb4 00000008 t getpix_32
00111bbc 000023ec T SDL_RLEBlit
00113fa8 00000988 T SDL_RLEAlphaBlit
00114930 00000244 T SDL_UnRLESurface
00114b74 00000d80 T SDL_RLESurface
001158f4 000001c4 t SDL_SoftBlit
00115ab8 000000a8 t SDL_BlitCopyOverlap
00115b60 00000064 t SDL_BlitCopy
00115bc4 00000338 T SDL_CalculateBlit
00115efc 00000104 t BlitBto1
00116000 000000a8 t BlitBto2
001160a8 000000b0 t BlitBto3
00116158 000000b4 t BlitBto4
0011620c 00000110 t BlitBto1Key
0011631c 000000b8 t BlitBto2Key
001163d4 000000bc t BlitBto4Key
00116490 00000274 t BlitBtoNAlpha
00116704 00000288 t BlitBtoNAlphaKey
0011698c 000000bc t BlitBto3Key
00116a48 0000009c T SDL_CalculateBlit0
00116ae4 00000100 t Blit1to1
00116be4 00000128 t Blit1to2
00116d0c 000001b4 t Blit1to3
00116ec0 00000114 t Blit1to4
00116fd4 00000274 t Blit1to1Key
00117248 00000188 t Blit1to2Key
001173d0 0000021c t Blit1to3Key
001175ec 00000170 t Blit1to4Key
0011775c 000008dc t Blit1toNAlpha
00118038 00000c54 t Blit1toNAlphaKey
00118c8c 00000088 T SDL_CalculateBlit1
00118d14 000003a4 t Blit_RGB888_index8
001190b8 000001d0 t Blit_RGB888_RGB555
00119288 000001b8 t Blit_RGB888_RGB565
00119440 000001ac t Blit_RGB565_32
001195ec 0000000c t Blit_RGB565_ARGB8888
001195f8 0000000c t Blit_RGB565_ABGR8888
00119604 0000000c t Blit_RGB565_RGBA8888
00119610 0000000c t Blit_RGB565_BGRA8888
0011961c 00000208 t Blit_RGB888_index8_map
00119824 00000b00 t BlitNto1
0011a324 000001f4 t Blit4to4MaskAlpha
0011a518 00000e00 t BlitNtoN
0011b318 0000022c t BlitNtoNCopyAlpha
0011b544 000010b8 t BlitNto1Key
0011c5fc 0000017c t Blit2to2Key
0011c778 00000cc8 t BlitNtoNKey
0011d440 00001130 t BlitNtoNKeyCopyAlpha
0011e570 0000029c T SDL_CalculateBlitN
0011e80c 0000018c T N3DS_PumpEvents
0011e998 00000004 T N3DS_InitOSKeymap
0011e99c 0000004c T SDL_HasMMX
0011e9e8 000004e4 t BlitNto1SurfaceAlpha
0011eecc 0000053c t BlitNto1PixelAlpha
0011f408 00000c68 t BlitNto1SurfaceAlphaKey
00120070 00000380 t BlitRGBtoRGBSurfaceAlpha
001203f0 00000254 t BlitRGBtoRGBPixelAlpha
00120644 00000278 t Blit16to16SurfaceAlpha128
001208bc 000001ac t Blit565to565SurfaceAlpha
00120a68 000001ac t Blit555to555SurfaceAlpha
00120c14 000002a0 t BlitARGBto565PixelAlpha
00120eb4 00000298 t BlitARGBto555PixelAlpha
0012114c 00000c78 t BlitNtoNSurfaceAlpha
00121dc4 000009a8 t BlitNtoNSurfaceAlphaKey
0012276c 00000c0c t BlitNtoNPixelAlpha
00123378 00000220 T SDL_CalculateAlphaBlit
00123598 00000004 W C3Di_LightEnvUpdate
0012359c 00000004 W C3Di_LightEnvDirty
001235a0 00000004 W C3Di_ProcTexUpdate
001235a4 00000004 W C3Di_ProcTexDirty
001235a8 000000b4 t C3Di_AptEventHook
0012365c 00000004 W C3Di_GasUpdate
00123660 000001e0 T C3D_Init
00123840 00000098 T C3D_SetViewport
001238d8 000004e8 T C3Di_UpdateContext
00123dc0 000000e0 T C3Di_SplitFrame
00123ea0 00000044 T C3D_Fini
00123ee4 00000114 T C3D_BindProgram
00123ff8 0000004c t onVBlank0
00124044 0000004c t onVBlank1
00124090 00000080 t C3Di_RenderTargetDestroy
00124110 000000f4 t onQueueFinish
00124204 00000038 T C3Di_RenderQueueEnableVBlank
0012423c 00000030 T C3Di_RenderQueueDisableVBlank
0012426c 00000060 T C3Di_RenderQueueInit
001242cc 000000b0 T C3Di_RenderQueueExit
0012437c 00000034 T C3Di_RenderQueueWaitDone
001243b0 000000e4 T C3D_FrameBegin
00124494 00000048 T C3D_FrameDrawOn
001244dc 000001d8 T C3D_FrameEnd
001246b4 00000184 T C3D_RenderTargetCreate
00124838 000000f0 T C3D_RenderTargetDelete
00124928 000000a8 T C3D_RenderTargetSetOutput
001249d0 000000f0 T C3D_SyncDisplayTransfer
00124ac0 00000294 T C3D_TexInitWithParams
00124d54 00000044 T C3D_TexBind
00124d98 00000074 T C3D_TexDelete
00124e0c 0000016c T C3Di_SetTex
00124f78 0000001c T C3D_CalcColorBufSize
00124f94 0000001c T C3D_CalcDepthBufSize
00124fb0 00000044 T C3D_SetFrameBuf
00124ff4 0000016c T C3Di_FrameBufBind
00125160 000000c8 T C3D_FrameBufClear
00125228 00000044 T C3D_FrameBufTransfer
0012526c 00000034 T C3D_GetTexEnv
001252a0 00000024 T C3Di_TexEnvBind
001252c4 00000024 T BufInfo_Init
001252e8 00000020 T C3D_GetBufInfo
00125308 00000048 T C3Di_BufInfoBind
00125350 00000040 T C3D_DepthMap
00125390 0000001c T C3D_CullFace
001253ac 00000040 T C3D_StencilTest
001253ec 00000024 T C3D_StencilOp
00125410 0000001c T C3D_BlendingColor
0012542c 00000024 T C3D_EarlyDepthTest
00125450 0000002c T C3D_DepthTest
0012547c 0000002c T C3D_AlphaTest
001254a8 00000050 T C3D_AlphaBlend
001254f8 00000030 T C3D_FragOpMode
00125528 00000044 T C3D_FragOpShadow
0012556c 000001ac T C3Di_EffectBind
00125718 00000028 T AttrInfo_Init
00125740 00000094 T AttrInfo_AddLoader
001257d4 00000020 T C3D_GetAttrInfo
001257f4 00000080 T C3Di_AttrInfoBind
00125874 000000b8 T C3D_ImmDrawBegin
0012592c 000000a8 T C3D_ImmSendAttrib
001259d4 00000070 T C3D_ImmDrawEnd
00125a44 00000280 T C3D_UpdateUniforms
00125cc4 000000c0 T C3Di_DirtyUniforms
00125d84 000000d8 T C3Di_LoadShaderUniforms
00125e5c 00000028 T C3Di_ClearShaderUniforms
00125e84 000000cc T Mtx_OrthoTilt
00125f50 00000024 t addrMapNodeComparator(rbtree_node const*, rbtree_node const*)
00125f74 00000004 t addrMapNodeDestructor(rbtree_node*)
00125f78 00000250 T vramMemAlignAt
001261c8 0000000c T vramAlloc
001261d4 0000000c T vramAllocAt
001261e0 00000090 T vramFree
00126270 00000024 t addrMapNodeComparator(rbtree_node const*, rbtree_node const*)
00126294 00000004 t addrMapNodeDestructor(rbtree_node*)
00126298 00000120 T linearMemAlign
001263b8 00000008 T linearAlloc
001263c0 0000005c T linearFree
0012641c 00000080 T MemPool::CoalesceRight(MemBlock*)
0012649c 0000016c T MemPool::Allocate(MemChunk&, unsigned long, int)
00126608 000000fc T MemPool::Deallocate(MemChunk const&)
00126704 00000030 T MemPool::GetFreeSpace()
00126734 000001e8 t parseColor
0012691c 000001ac T consoleDrawChar
00126ac8 00000124 T consolePrintChar
00126bec 00000b94 T con_write
00127780 000000fc t newRow
0012787c 00000168 T consoleInit
001279e4 000000d0 t gfxPresentFramebuffer
00127ab4 00000010 T gfxSet3D
00127ac4 0000001c T gfxIsWide
00127ae0 000000ec T gfxSetScreenFormat
00127bcc 00000010 T gfxSetDoubleBuffering
00127bdc 000000e0 T gfxInit
00127cbc 00000010 T gfxInitDefault
00127ccc 000000b4 T gfxExit
00127d80 000000a0 T gfxGetFramebuffer
00127e20 00000104 T gfxFlushBuffers
00127f24 00000030 T gfxScreenSwapBuffers
00127f54 00000050 T gfxSwapBuffersGpu
00127fa4 000001d4 T shaderInstanceInit
00128178 00000018 T shaderInstanceGetUniformLocation
00128190 0000001c T shaderProgramInit
001281ac 00000064 T shaderProgramFree
00128210 00000080 T shaderProgramSetVsh
00128290 000008e0 T shaderProgramConfigure
00128b70 000001cc t DVLE_GenerateOutmap.part.0
00128d3c 000001b4 T DVLB_ParseFile
00128ef0 00000038 T DVLB_Free
00128f28 00000074 T DVLE_GetUniformRegister
00128f9c 00000010 T GX_BindQueue
00128fac 00000078 T GX_ProcessCommandList
00129024 00000074 T GX_MemoryFill
00129098 00000070 T GX_DisplayTransfer
00129108 00000068 t gxCmdQueueDoCommands.part.0
00129170 000000c8 T gxCmdQueueInterrupt
00129238 0000004c T gxCmdQueueClear
00129284 000000f8 T gxCmdQueueAdd
0012937c 00000080 T gxCmdQueueRun
001293fc 00000060 T gxCmdQueueStop
0012945c 00000074 T gxCmdQueueWait
001294d0 0000013c T GPUCMD_Add
0012960c 000000b0 T GPUCMD_Split
001296bc 00000034 T f32tof16
001296f0 00000034 T f32tof24
00129724 00000038 T f32tof31
0012975c 00000158 t ndspUpdateMaster
001298b8 00000110 t ndspFinalize
001299c8 00000250 t ndspInitialize.part.0
00129c18 000000fc t ndspHookCallback
00129d18 00000310 t ndspThreadMain
0012a028 000003c8 T ndspInit
0012a3f0 000000cc T ndspExit
0012a4bc 00000010 T ndspSetCallback
0012a4cc 000000e4 T ndspChnReset
0012a5b0 00000018 T ndspChnSetFormat
0012a5c8 00000048 T ndspChnSetInterp
0012a610 0000005c T ndspChnSetRate
0012a66c 00000088 T ndspChnSetMix
0012a6f4 000000bc T ndspChnWaveBufAdd
0012a7b0 00000040 T ndspiInitChn
0012a7f0 0000002c T ndspiDirtyChn
0012a81c 00000444 T ndspiUpdateChn
0012ac60 00000184 T ndspiReadChnState
0012ade4 000000a4 T cfguInit
0012ae88 0000003c T cfguExit
0012aec4 0000004c T CFGU_GetConfigInfoBlk2
0012af10 000000a4 t DSP_LoadComponent.part.0
0012afb4 000000dc T dspInit
0012b090 00000080 T dspExit
0012b110 00000024 T dspHook
0012b134 00000030 T dspUnhook
0012b164 000000b0 T aptDspSleep
0012b214 000000b8 T aptDspWakeup
0012b2cc 00000044 T aptDspCancel
0012b310 00000050 T DSP_FlushDataCache
0012b360 00000034 T DSP_SetSemaphore
0012b394 00000034 T DSP_SetSemaphoreMask
0012b3c8 00000038 T DSP_GetSemaphoreHandle
0012b400 0000003c T DSP_LoadComponent
0012b43c 00000044 T DSP_RegisterInterruptEvents
0012b480 00000074 T DSP_ReadPipeIfPossible
0012b4f4 0000004c T DSP_WriteProcessPipe
0012b540 00000040 T DSP_ConvertProcessAddressFromDspDram
0012b580 00000040 T DSP_RecvData
0012b5c0 0000004c T DSP_RecvDataIsReady
0012b60c 00000010 T rbtree_init
0012b61c 000001b4 t do_insert
0012b7d0 00000008 T rbtree_insert
0012b7d8 00000090 T rbtree_rotate
0012b868 00000318 T rbtree_remove
0012bb80 00000074 T rbtree_find
0012bbf4 0000005c T rbtree_node_next
0012bc50 00000120 T __udivmoddi4
0012bd70 0000000c T atoi
0012bd7c 00000078 T bsearch
0012bdf4 00000020 T calloc
0012be14 000000c0 T _calloc_r
0012bed4 0000000c T __errno
0012bee0 00000034 T exit
0012bf14 00000234 T __sflush_r
0012c148 00000094 T _fflush_r
0012c1dc 0000000c T _cleanup_r
0012c1e8 00000184 T __sinit
0012c36c 0000000c T __sfp_lock_acquire
0012c378 0000000c T __sfp_lock_release
0012c384 0000003c T __libc_fini_array
0012c3c0 000000f8 T _malloc_trim_r
0012c4b8 000002e8 T _free_r
0012c7a0 00000070 T _fwalk_reent
0012c810 00000024 T getenv
0012c834 000000c8 T _findenv_r
0012c8fc 00000084 T __libc_init_array
0012c980 00000020 T memalign
0012c9a0 0000014c T _memalign_r
0012caec 00000018 T malloc
0012cb04 00000018 T free
0012cb1c 000007e4 T _malloc_r
0012d300 000000e4 T memchr
0012d3e4 00000118 T memcpy
0012d4fc 00000150 T memmove
0012d64c 000000f4 T memset
0012d740 0000000c T __malloc_lock
0012d74c 0000000c T __malloc_unlock
0012d758 00000020 T realloc
0012d778 000004a0 T _realloc_r
0012dc18 0000025c T setvbuf
0012de74 00000090 T _raise_r
0012df04 00000018 T raise
0012df1c 00000078 T signal
0012df94 00000074 T sscanf
0012e008 00000044 T __sread
0012e04c 00000008 T __seofread
0012e054 00000068 T __swrite
0012e0bc 00000044 T __sseek
0012e100 00000008 T __sclose
0012e108 00000064 T strcasecmp
0012e16c 00000048 T strlcpy
0012e1b4 0000005c T strlen
0012e210 000000e4 T strncat
0012e2f4 000000e4 T strncmp
0012e3d8 000000c4 T strncpy
0012e49c 00000048 T strnlen
0012e4e4 000001a4 t _strtol_l.part.0
0012e688 0000003c T _strtol_r
0012e6c4 00000058 T strtol
0012e71c 000001c4 t _strtoul_l.constprop.0
0012e8e0 00000004 T _strtoul_r
0012e8e4 00000028 T strtoul
0012e90c 0000066c t get_arg
0012ef78 00003334 T _svfprintf_r
001322ac 00000050 t get_arg
001322fc 00002c38 T __ssvfscanf_r
00134f34 00000054 T _wcrtomb_r
00134f88 00000028 T _wcsrtombs_r
00134fb0 00000114 T __call_exitprocs
001350c4 000001b0 t quorem
00135278 000011f8 T _dtoa_r
00136470 0000000c T __env_lock
0013647c 0000000c T __env_unlock
00136488 0000015c T _fclose_r
001365e4 00000008 T iswspace
001365ec 0000000c T _localeconv_r
001365f8 00000010 T __locale_mb_cur_max
00136608 00000138 T __smakebuf_r
00136740 0000008c T __swhatbuf_r
001367cc 00000068 T _mbrtowc_r
00136834 000002f8 T __utf8_mbtowc
00136b2c 00000088 T _Balloc
00136bb4 0000001c T _Bfree
00136bd0 000000f4 T __multadd
00136cc4 00000110 T __s2b
00136dd4 00000060 T __hi0bits
00136e34 0000009c T __lo0bits
00136ed0 000000a8 T __i2b
00136f78 00000204 T __multiply
0013717c 00000124 T __pow5mult
001372a0 00000140 T __lshift
001373e0 00000058 T __mcmp
00137438 000001ec T __mdiff
00137624 00000068 T __ulp
0013768c 000000d0 T __b2d
0013775c 00000120 T __d2b
0013787c 00000078 T __ratio
001378f4 00000088 T __copybits
0013797c 0000005c T __any_on
001379d8 000000f4 T __sccl
00137acc 0000000c T nanf
00137ad8 00000088 T frexp
00137b60 00000064 T sprintf
00137bc4 000000cc T stpncpy
00137c90 00000130 T strchr
00137dc0 00000064 t sulp
00137e28 000013a8 T _strtod_l
001391d0 0000000c T _strtod_r
001391dc 0000022c t _strtoll_l.constprop.0
00139408 00000004 T _strtoll_r
0013940c 00000244 t _strtoull_l.constprop.0
00139650 00000004 T _strtoull_r
00139654 00000188 T __ssprint_r
001397dc 000000d4 T _sungetc_r
001398b0 0000006c T __ssrefill_r
0013991c 000000c4 T _sfread_r
001399e0 000000a8 T __submore
00139a88 00000188 T _wcsnrtombs_l
00139c10 0000004c T _wcsnrtombs_r
00139c5c 000000f0 T __utf8_wctomb
00139d4c 0000005c T __assert_func
00139da8 0000003c T fiprintf
00139de4 000000f0 t rshift
00139ed4 00000814 T __gethex
0013a6e8 0000004c T __match
0013a734 0000029c T __hexnan
0013a9d0 0000003c T iswspace_l
0013aa0c 000001d8 t __jp2uc
0013abe4 0000009c T _jp2uc_l
0013ac80 00000010 T nan
0013ac90 0000066c t get_arg
0013b2fc 00000030 T __sprint_r
0013b32c 000022ec T _vfiprintf_r
0013d618 000000d0 t __sbprintf
0013d6e8 0000013c T __swsetup_r
0013d824 00000014 T abort
0013d838 0000008c T category
0013d8c4 000004b4 T __sfvwrite_r
0013dd78 00000008 t null_write
0013dd80 00000018 T setDefaultDevice
0013dd98 000000c8 T FindDevice
0013de60 00000028 T RemoveDevice
0013de88 0000009c T AddDevice
0013df24 00000020 T GetDeviceOpTab
0013df44 00000078 T _fstat_r
0013dfbc 00000014 T _getpid_r
0013dfd0 00000008 T _isatty_r
0013dfd8 00000014 T _kill_r
0013dfec 00000084 T _lseek_r
0013e070 00000080 T _read_r
0013e0f0 00000078 T _sbrk_r
0013e168 00000080 T _write_r
0013e1e8 00000020 T _exit
0013e208 000001a4 T _concatenate_path
0013e3ac 00000140 T chdir
0013e4ec 00000008 T __flockfile
0013e4f4 00000008 T __funlockfile
0013e4fc 0000003c T __get_handle
0013e538 000000f4 T _close_r
0013e62c 0000002c T __getreent
0013e658 0000001c T __libc_lock_acquire
0013e674 0000001c T __libc_lock_release
0013e690 0000001c T __libc_lock_init_recursive
0013e6ac 0000001c T __libc_lock_acquire_recursive
0013e6c8 0000001c T __libc_lock_release_recursive
0013e6e4 0000001c T __libc_lock_close_recursive
0013e700 00000038 T __aeabi_d2lz
0013e700 00000038 T __fixdfdi
0013e738 00000040 T __aeabi_d2ulz
0013e738 00000040 T __fixunsdfdi
0013e778 00000048 T strrchr
0013e7c0 T _fini
0013f050 00000030 r error_table
0013f088 00000070 r archive_devoptab
0013f110 00000008 r morton_y.2
0013f118 00000008 r morton_x.3
0013f120 00000008 r s_sleepWakeEvents.4
0013f230 00000014 r SDL_fatal_signals
0013f260 00000048 r format_list
0013f340 r .LC2
0013fdb4 00000010 r clearcolors
0013fdc4 00000010 r displayTranferFlags
0013fdd4 00000010 r textureTranferFlags
0013fde4 00000010 r getpixes
0013fe14 00000014 r bitmap_blit
0013fe28 00000014 r colorkey_blit
0013fe3c 00000014 r one_blit
0013fe50 00000014 r one_blitkey
0013fe64 00000800 r RGB565_ABGR8888_LUT
00140664 00000800 r RGB565_ARGB8888_LUT
00140e64 00000800 r RGB565_BGRA8888_LUT
00141664 00000800 r RGB565_RGBA8888_LUT
00141e64 00000010 r normal_blit
00141e74 0000002c r normal_blit_1
00141ea0 000000dc r normal_blit_2
00141f7c 0000002c r normal_blit_3
00141fa8 00000084 r normal_blit_4
0014202c R vshader_shbin
00142150 R vshader_shbin_end
00142150 R vshader_shbin_size
00142154 00000038 r CSWTCH.19
0014218c 00000005 r colorFmtSizes
00142194 00000004 r depthFmtSizes
00142210 00000070 r dotab_stdout
00142280 00000018 r grayScale
00142298 00000006 r colorCube
001422a0 00000030 r colorTable
001422d8 00000011 r dsp_filename.0
00142310 R default_font_bin
00142b10 00000101 R _ctype_
00142b10 R default_font_bin_end
00142c14 00000004 R _global_impure_ptr
00142c54 00000010 r zeroes.0
00142c64 00000010 r blanks.1
00142c7c 00000022 r basefix.0
00142d9c 0000000c r p05.0
00142da8 00000028 R __mprec_bigtens
00142dd0 000000c8 R __mprec_tens
00142ea8 00000014 r fpinan.0
00142ebc 00000014 r fpi.1
00142ed0 00000028 r tinytens
00142ef8 0000006c R __action_table
00142f64 0000006c R __state_table
00142fd0 00000100 R __chclass
00143160 00000100 R __hexdig
00143274 00001a7c r d02f4
00144cf0 0000172a r b02cf
0014641c 00000040 r a8
0014645c 000000a2 r a7
00146500 00000070 r a6
00146570 0000005b r a3
001465cc 000000bc r a2
00146688 000000bc r a1
00146744 00000010 r zeroes.0
00146754 00000010 r blanks.1
00146764 00003528 r categories
00149c8c 00000070 R dotab_stdnull
00149cfc r 
00149cfc R __exidx_end
00149cfc R __exidx_start
0014a000 W __stacksize__
0014a004 00000004 d kCount
0014a008 00000004 d kInterval
0014a00c 00000004 d kDelay
0014a010 00000004 D SDL_cursorstate
0014a014 00000020 d default_cdata
0014a034 00000020 d default_cmask
0014a054 00000004 d palette_changed
0014a058 00000020 d SDL_closest_depths
0014a078 00000010 D N3DSAUD_bootstrap
0014a088 00000010 D N3DS_bootstrap
0014a098 00000004 d SDL_CPUFeatures
0014a09c 00000004 d framerate
0014a0a0 00000008 d framerateCounter
0014a0a8 00000001 d firstConsoleInit.0
0014a0ac 00000004 D currentConsole
0014a0b0 00000048 D defaultConsole
0014a0f8 00000004 d queueLock
0014a0fc 00000004 D _impure_ptr
0014a100 00000460 d impure_data
0014a560 00000004 D __malloc_sbrk_base
0014a564 00000004 D __malloc_trim_threshold
0014a568 00000408 D __malloc_av_
0014a970 00000004 D environ
0014a974 0000016c D __global_locale
0014aae0 0000008c D devoptab_list
0014ab6c 00000004 d defaultDevice
0014ab70 00000400 d _current_working_directory
0014af70 00001000 d handles
0014bf70 0000000c d __stderr_handle
0014bf7c 0000000c d __stdout_handle
0014bf88 0000000c d __stdin_handle
0014bf9c d _GLOBAL_OFFSET_TABLE_
0014bfa8 d __frame_dummy_init_array_entry
0014bfa8 D __init_array_start
0014bfa8 B __preinit_array_end
0014bfa8 B __preinit_array_start
0014bfa8 D __tdata_lma
0014bfa8 D __tdata_lma_end
0014bfac d __do_global_dtors_aux_fini_array_entry
0014bfac D __fini_array_start
0014bfac D __init_array_end
0014bfb0 D __bss_start__
0014bfb0 D __fini_array_end
0014bfb0 b completed.1
0014bfb4 b object.0
0014bfcc 00000004 B __system_argv
0014bfd0 00000004 B __system_argc
0014bfd4 b saved_stack
0014bfdc 00000004 B __3dslink_host
0014bfe0 00000004 B __system_retAddr
0014bfe4 00000004 b arbiter
0014bfe8 00000004 b srvRefCount
0014bfec 00000004 b srvHandle
0014bff0 00000540 b archive_devices
0014c530 00000004 b archive_device_cwd
0014c534 00000001 b archive_initialized
0014c535 00000001 b flagValue.0
0014c536 00000001 b flagInit.1
0014c538 00000004 b serviceName.6
0014c53c 00000001 b aptChainloadMediatype
0014c540 00000008 b aptChainloadTid
0014c548 00000001 b aptChainloadFlags
0014c54c 00001000 b aptParameters
0014d54c 00000004 b aptFlags
0014d550 00000001 b aptHomeButtonState
0014d554 00000004 b aptMessageFuncData
0014d558 00000004 b aptMessageFunc
0014d55c 0000000c b aptFirstHook
0014d568 00000001 b aptEventHandlerThreadQuit
0014d56c 00000004 b aptEventHandlerThread
0014d570 00000008 b aptSleepEvent
0014d578 00000008 b aptReceiveEvent
0014d580 00000008 b aptEvents
0014d588 00000004 b aptLockHandle
0014d58c 00000004 b aptRefCount
0014d590 00000001 b usingIrrst
0014d594 00000004 b hidRefCount
0014d598 00000006 b gRate
0014d5a0 00000006 b aVec
0014d5a8 00000004 b cPos
0014d5ac 00000004 b tPos
0014d5b0 00000004 b kRepeat
0014d5b4 00000004 b kUp
0014d5b8 00000004 b kDown
0014d5bc 00000004 b kHeld
0014d5c0 00000004 b kOld
0014d5c4 00000004 B hidSharedMem
0014d5c8 00000014 B hidEvents
0014d5dc 00000004 B hidMemHandle
0014d5e0 00000004 B hidHandle
0014d5e4 00000004 b srvPmHandle
0014d5e8 00000080 b fsExemptArchives
0014d668 00000004 b fsuRefCount
0014d66c 00000004 b fsuHandle
0014d670 00000004 V __ctru_linear_heap_size
0014d674 00000004 V __ctru_heap_size
0014d678 00000004 B __ctru_linear_heap
0014d67c 00000004 B __ctru_heap
0014d680 00000001 V __ctru_speedup
0014d684 00000004 b currentAddr
0014d688 00000004 b maxAddr
0014d68c 00000004 b minAddr
0014d690 00000004 b irrstRefCount
0014d694 00000004 b csPos
0014d698 00000004 b kHeld
0014d69c 00000004 B irrstSharedMem
0014d6a0 00000004 B irrstEvent
0014d6a4 00000004 B irrstMemHandle
0014d6a8 00000004 B irrstHandle
0014d6ac 00000007 b gspEventCbOneShot
0014d6b4 0000001c b gspEventCbData
0014d6d0 0000001c b gspEventCb
0014d6ec 00000038 b gspEvents
0014d724 00000004 b gspLastEvent
0014d728 00000001 b gspRunEvents
0014d72c 00000004 b gspEventThread
0014d730 00000004 b gspEvent
0014d734 00000001 b gspGpuRight
0014d735 00000001 b gspThreadId
0014d738 00000004 b gspSharedMem
0014d73c 00000004 b gspSharedMemHandle
0014d740 00000004 b gspRefCount
0014d744 00000004 b gspGpuHandle
0014d748 00000004 b ptmSysmRefCount
0014d74c 00000004 b ptmSysmHandle
0014d750 00000004 b SDL_initialized
0014d754 00000004 b ticks_started
0014d758 00000004 B current_audio
0014d75c 00000004 b format_idx
0014d760 00000004 b format_idx_sub
0014d764 00000008 b SDL_EventLock
0014d76c 00000004 B SDL_EventOK
0014d770 00000c14 b SDL_EventQ
0014e384 00000004 b SDL_EventThread
0014e388 00000020 B SDL_ProcessEvents
0014e3a8 00000004 b SDL_eventstate
0014e3ac 00000004 b event_thread
0014e3b0 00000020 B SDL_KeyRepeat
0014e3d0 00000143 b SDL_KeyState
0014e514 00000002 b SDL_ModState
0014e516 00000001 b SDL_NoLockKeys
0014e518 00000004 B SDL_TranslateUNICODE
0014e51c 0000050c b keynames
0014ea28 00000001 b SDL_ButtonState
0014ea2a 00000002 b SDL_DeltaX
0014ea2c 00000002 b SDL_DeltaY
0014ea2e 00000002 b SDL_MouseMaxX
0014ea30 00000002 b SDL_MouseMaxY
0014ea32 00000002 b SDL_MouseX
0014ea34 00000002 b SDL_MouseY
0014ea38 00000004 b SDL_Threads
0014ea40 00000308 b SDL_global_error
0014ed48 00000004 b SDL_maxthreads
0014ed4c 00000004 b SDL_numthreads
0014ed50 00000004 b thread_lock
0014ed54 00000004 B SDL_alarm_callback
0014ed58 00000004 B SDL_alarm_interval
0014ed5c 00000004 b SDL_timer_mutex
0014ed60 00000004 B SDL_timer_running
0014ed64 00000004 B SDL_timer_started
0014ed68 00000004 b SDL_timer_threaded
0014ed6c 00000004 b SDL_timers
0014ed70 00000001 b list_changed
0014ed74 00000004 B SDL_cursor
0014ed78 00000004 B SDL_cursorlock
0014ed7c 00000004 b SDL_defcursor
0014ed80 00000002 b pixels8
0014ed84 00000004 b format_version.0
0014ed88 00000004 B current_video
0014ed8c 00000004 B SDL_allocatedjoysticks
0014ed90 00000004 B SDL_joysticks
0014ed94 00000001 B SDL_numjoysticks
0014ed98 00000008 b g_startTicks
0014eda0 00000004 b g_audDev
0014eda4 00000008 b g_dspHook
0014edac 00000004 B key_press
0014edb0 00000004 B key_release
0014edb4 00000004 B old_cs_x
0014edb8 00000004 B old_cs_y
0014edbc 00000004 B old_dpad_state
0014edc0 00000004 B old_x
0014edc4 00000004 B old_y
0014edc8 00000004 b RenderClearColor
0014edcc 00000004 B VideoSurface1
0014edd0 00000004 B VideoSurface2
0014edd4 00000008 B privateVideoThreadEvent
0014eddc 00000004 B privateVideoThreadHandle
0014ede0 00000014 b program
0014edf4 00000040 b projection
0014ee34 00000040 b projection2
0014ee74 00000001 B runThread
0014ee78 00000004 B setVideoModecount
0014ee7c 00000018 b spritesheet_tex
0014ee94 00000004 b uLoc_projection
0014ee98 00000004 b vshader_dvlb
0014ee9c 00000001 b SDL_appstate
0014eea0 00000008 b last_resize
0014eea8 00000001 b pushedQuit.0
0014eeb0 000002d0 B __C3D_Context
0014f180 0000000c b hookCookie
0014f190 00000010 b cpuTime
0014f1a0 00000004 b firstTarget
0014f1a4 00000008 b frameCounter
0014f1ac 00000004 b frameEndCb
0014f1b0 00000004 b frameEndCbData
0014f1b8 00000010 b gpuTime
0014f1c8 00000001 b inFrame
0014f1c9 00000001 b inSafeTransfer
0014f1ca 00000001 b isTopStereo
0014f1cc 00000004 b lastTarget
0014f1d0 0000000c b linkedTarget
0014f1dc 00000001 b measureGpuTime
0014f1dd 00000001 b needSwapBot
0014f1de 00000001 b needSwapTop
0014f1e0 00000004 B C3D_BoolUnifs
0014f1e4 00000002 B C3D_BoolUnifsDirty
0014f1e8 00000c00 B C3D_FVUnif
0014fde8 000000c0 B C3D_FVUnifDirty
0014fea8 00000020 B C3D_IVUnif
0014fec8 00000008 B C3D_IVUnifDirty
0014fed0 000000c0 b C3Di_FVUnifEverDirty
0014ff90 00000008 b C3Di_IVUnifEverDirty
0014ff98 00000018 b C3Di_ShaderFVecData
0014ffb0 00000008 b sVramPoolB
0014ffb8 00000008 b sVramPoolA
0014ffc0 0000000c b sAddrMap
0014ffd0 00000008 b sLinearPool
0014ffd8 0000000c b sAddrMap
0014ffe4 00000048 B currentCopy
0015002c 00000004 b screenAlloc
00150030 00000004 b screenFree
00150034 00000002 b gfxIsDoubleBuf
00150038 00000002 b gfxCurBuf
0015003a 00000001 b gfxIsVram
0015003b 00000001 b gfxTopMode
0015003c 00000002 b gfxFramebufferFormats
00150040 00000004 b gfxBottomFramebufferMaxSize
00150044 00000004 b gfxTopFramebufferMaxSize
00150048 00000008 b gfxBottomFramebuffers
00150050 00000008 b gfxTopFramebuffers
00150058 00000004 b boundQueue
0015005c 00000001 b shouldStop
0015005d 00000001 b isRunning
0015005e 00000001 b isActive
00150060 00000004 b curQueue
00150064 00000004 B gpuCmdBufOffset
00150068 00000004 B gpuCmdBufSize
0015006c 00000004 B gpuCmdBuf
00150070 00000004 b ndspRefCount
00150074 00000048 b ndspMaster
001500bc 00000004 b ndspThread
001500c0 00000001 b ndspThreadRun
001500c4 00001080 b dspVar5Backup
00151144 00000004 b ndspMutex
00151148 00000008 b sleepEvent
00151150 00000004 b dspSem
00151154 00000004 b irqEvent
00151158 00000008 b ndspHookCookie
00151160 00000001 b componentFree
00151162 00000002 b componentDataMask
00151164 00000002 b componentProgMask
00151168 00000004 b componentSize
0015116c 00000004 b componentBin
00151170 00000004 b frameCount
00151174 00000004 b droppedFrames
00151178 00000001 b bCancelReceived
00151179 00000001 b bSleeping
0015117a 00000001 b bEnteringSleep
0015117b 00000001 b bDspReady
0015117c 00000080 B ndspVars
001511fc 00000002 B ndspBufferId
001511fe 00000002 B ndspBufferCurId
00151200 00000002 B ndspFrameId
00151204 00000c60 b ndspChn
00151e64 00000004 b cfguRefCount
00151e68 00000004 b cfguHandle
00151e6c 00000002 b dspSavedCompDataMask
00151e6e 00000002 b dspSavedCompProgMask
00151e70 00000004 b dspSavedCompSize
00151e74 00000004 b dspSavedCompBin
00151e78 00000001 b dspSleeping
00151e79 00000001 b dspComponentLoaded
00151e7c 00000008 b dspFirstHook
00151e84 00000004 b dspRefCount
00151e88 00000004 b dspHandle
00151e8c 0000000c b __sinit_recursive_mutex
00151e98 0000000c b __sfp_recursive_mutex
00151ea4 00000028 B __malloc_current_mallinfo
00151ecc 00000004 B __malloc_max_total_mem
00151ed0 00000004 B __malloc_max_sbrked_mem
00151ed4 00000004 B __malloc_top_pad
00151ed8 0000000c b __malloc_recursive_mutex
00151ee4 0000000c B __atexit_recursive_mutex
00151ef0 00000004 b initial_env
00151ef4 0000000c b __env_recursive_mutex
00151f00 00000004 b heap_start.0
00151f04 00000004 B fake_heap_start
00151f08 00000004 B fake_heap_end
00151f0c 00000400 b temp_cwd
0015230c 00000004 b __hndl_lock
00152310 B __tls_start
00152f18 B __bss_end__
00152f18 A __end__
00152f18 B __tls_end
